date >stamp-tangle
cd ../kpathsea && make  CC='gcc' CFLAGS='-g  ' 
make[1]: Entering directory `/home/ms/tex/pdftex/current/src/texk/kpathsea'
rm -f texmf.sed
echo prefix=/usr/local/teTeX exec_prefix=/usr/local/teTeX bindir=/usr/local/teTeX/bin/i686-pc-linux-gnu scriptdir=/usr/local/teTeX/bin/i686-pc-linux-gnu libdir=/usr/local/teTeX/lib datadir=/usr/local/teTeX/share infodir=/usr/local/teTeX/info includedir=/usr/local/teTeX/include mandir=/usr/local/teTeX/man manext=1 man1dir=/usr/local/teTeX/man/man1 texmf=/usr/local/teTeX/share/texmf web2cdir=/usr/local/teTeX/share/texmf/web2c vartexfonts=/var/tmp/texfonts texinputdir=/usr/local/teTeX/share/texmf/tex mfinputdir=/usr/local/teTeX/share/texmf/metafont mpinputdir=/usr/local/teTeX/share/texmf/metapost fontdir=/usr/local/teTeX/share/texmf/fonts fmtdir=/usr/local/teTeX/share/texmf/web2c basedir=/usr/local/teTeX/share/texmf/web2c memdir=/usr/local/teTeX/share/texmf/web2c texpooldir=/usr/local/teTeX/share/texmf/web2c mfpooldir=/usr/local/teTeX/share/texmf/web2c mppooldir=/usr/local/teTeX/share/texmf/web2c dvips_plain_macrodir=/usr/local/teTeX/share/texmf/tex/plain/dvips dvilj_latex2e_macrodir=/usr/local/teTeX/share/texmf/tex/latex/dvilj dvipsdir=/usr/local/teTeX/share/texmf/dvips psheaderdir=/usr/local/teTeX/share/texmf/dvips default_texsizes='300:600' \
| tr ' ' '\012' \
| sed -e 's/^/s%@/' -e 's/=/@%/' -e 's/$/%g/' \
>texmf.sed
echo 's%/usr/local/teTeX/share/texmf%\$TEXMF%g' >>texmf.sed
echo '/^ *TEXMFMAIN[ =]/s%\$TEXMF%/usr/local/teTeX/share/texmf%' >>texmf.sed
echo '/^[% ]*TEXMFLOCAL[ =]/s%\$TEXMF%/usr/local/teTeX/share/texmf%' >>texmf.sed
echo '/^[% ]*TEXMFDIST[ =]/s%\$TEXMF%/usr/local/teTeX/share/texmf%' >>texmf.sed
echo '/^[% ]*VARTEXMF[ =]/s%\$TEXMF%/usr/local/teTeX/share/texmf%' >>texmf.sed
echo '/^[% ]*TEXMFCNF[ =]/s%\$TEXMF%/usr/local/teTeX/share/texmf%' >>texmf.sed
echo '/^ *TEXMFCNF[ =]/s%@web2c@%/usr/local/teTeX/share/texmf/web2c%' >>texmf.sed
sed -f texmf.sed ../../../src/texk/kpathsea/texmf.in >texmf.cnf
echo "/* paths.h: Generated from texmf.cnf. */" >paths.tmp
sed -e 's/%.*//' -e 's/^[ 	]*//' -e 's/[ 	]*$//' texmf.cnf \
| grep '^[ 	]*[A-Z0-9_]*[ 	=]' \
| sed '/^$/d' \
| sed 's/^\([^ 	=]*\)[ 	]*=*[ 	]*\(.*\)/#ifndef DEFAULT_\1%#define DEFAULT_\1 "\2"%#endif/' \
| tr '%' '\012' \
| sed -e 's%\$TEXMFMAIN%/usr/local/teTeX/share/texmf%g' \
      -e 's%\$TEXMF%/usr/local/teTeX/share/texmf%g' \
      -e 's%\$VARTEXFONTS%/var/tmp/texfonts%g' \
      -e 's%\$web2cdir%/usr/local/teTeX/share/texmf/web2c%g' \
      -e 's%\$prefix%/usr/local/teTeX%g' \
| sed -e 's%;%:%g' \
>>paths.tmp
cp paths.tmp paths.h
rm -f paths.tmp
date >stamp-paths
/bin/sh ../libtool --mode=compile "gcc" -DHAVE_CONFIG_H  -I. -I../../../src/texk/kpathsea -I.. -I../../../src/texk/kpathsea/..   -g   -c tex-file.c
gcc -DHAVE_CONFIG_H -I. -I../../../src/texk/kpathsea -I.. -I../../../src/texk/kpathsea/.. -g -c tex-file.c -o tex-file.o
echo timestamp > tex-file.lo
/bin/sh ../libtool --mode=compile "gcc" -DHAVE_CONFIG_H  -I. -I../../../src/texk/kpathsea -I.. -I../../../src/texk/kpathsea/..   -g   -c absolute.c
gcc -DHAVE_CONFIG_H -I. -I../../../src/texk/kpathsea -I.. -I../../../src/texk/kpathsea/.. -g -c absolute.c -o absolute.o
echo timestamp > absolute.lo
/bin/sh ../libtool --mode=compile "gcc" -DHAVE_CONFIG_H  -I. -I../../../src/texk/kpathsea -I.. -I../../../src/texk/kpathsea/..   -g   -c atou.c
gcc -DHAVE_CONFIG_H -I. -I../../../src/texk/kpathsea -I.. -I../../../src/texk/kpathsea/.. -g -c atou.c -o atou.o
echo timestamp > atou.lo
/bin/sh ../libtool --mode=compile "gcc" -DHAVE_CONFIG_H  -I. -I../../../src/texk/kpathsea -I.. -I../../../src/texk/kpathsea/..   -g   -c cnf.c
gcc -DHAVE_CONFIG_H -I. -I../../../src/texk/kpathsea -I.. -I../../../src/texk/kpathsea/.. -g -c cnf.c -o cnf.o
echo timestamp > cnf.lo
/bin/sh ../libtool --mode=compile "gcc" -DHAVE_CONFIG_H  -I. -I../../../src/texk/kpathsea -I.. -I../../../src/texk/kpathsea/..   -g   -c concat.c
gcc -DHAVE_CONFIG_H -I. -I../../../src/texk/kpathsea -I.. -I../../../src/texk/kpathsea/.. -g -c concat.c -o concat.o
echo timestamp > concat.lo
/bin/sh ../libtool --mode=compile "gcc" -DHAVE_CONFIG_H  -I. -I../../../src/texk/kpathsea -I.. -I../../../src/texk/kpathsea/..   -g   -c concat3.c
gcc -DHAVE_CONFIG_H -I. -I../../../src/texk/kpathsea -I.. -I../../../src/texk/kpathsea/.. -g -c concat3.c -o concat3.o
echo timestamp > concat3.lo
/bin/sh ../libtool --mode=compile "gcc" -DHAVE_CONFIG_H  -I. -I../../../src/texk/kpathsea -I.. -I../../../src/texk/kpathsea/..   -g   -c concatn.c
gcc -DHAVE_CONFIG_H -I. -I../../../src/texk/kpathsea -I.. -I../../../src/texk/kpathsea/.. -g -c concatn.c -o concatn.o
echo timestamp > concatn.lo
/bin/sh ../libtool --mode=compile "gcc" -DHAVE_CONFIG_H  -I. -I../../../src/texk/kpathsea -I.. -I../../../src/texk/kpathsea/..   -g   -c db.c
gcc -DHAVE_CONFIG_H -I. -I../../../src/texk/kpathsea -I.. -I../../../src/texk/kpathsea/.. -g -c db.c -o db.o
echo timestamp > db.lo
/bin/sh ../libtool --mode=compile "gcc" -DHAVE_CONFIG_H  -I. -I../../../src/texk/kpathsea -I.. -I../../../src/texk/kpathsea/..   -g   -c debug.c
gcc -DHAVE_CONFIG_H -I. -I../../../src/texk/kpathsea -I.. -I../../../src/texk/kpathsea/.. -g -c debug.c -o debug.o
echo timestamp > debug.lo
/bin/sh ../libtool --mode=compile "gcc" -DHAVE_CONFIG_H  -I. -I../../../src/texk/kpathsea -I.. -I../../../src/texk/kpathsea/..   -g   -c dir.c
gcc -DHAVE_CONFIG_H -I. -I../../../src/texk/kpathsea -I.. -I../../../src/texk/kpathsea/.. -g -c dir.c -o dir.o
echo timestamp > dir.lo
/bin/sh ../libtool --mode=compile "gcc" -DHAVE_CONFIG_H  -I. -I../../../src/texk/kpathsea -I.. -I../../../src/texk/kpathsea/..   -g   -c elt-dirs.c
gcc -DHAVE_CONFIG_H -I. -I../../../src/texk/kpathsea -I.. -I../../../src/texk/kpathsea/.. -g -c elt-dirs.c -o elt-dirs.o
echo timestamp > elt-dirs.lo
/bin/sh ../libtool --mode=compile "gcc" -DHAVE_CONFIG_H  -I. -I../../../src/texk/kpathsea -I.. -I../../../src/texk/kpathsea/..   -g   -c expand.c
gcc -DHAVE_CONFIG_H -I. -I../../../src/texk/kpathsea -I.. -I../../../src/texk/kpathsea/.. -g -c expand.c -o expand.o
echo timestamp > expand.lo
/bin/sh ../libtool --mode=compile "gcc" -DHAVE_CONFIG_H  -I. -I../../../src/texk/kpathsea -I.. -I../../../src/texk/kpathsea/..   -g   -c extend-fname.c
gcc -DHAVE_CONFIG_H -I. -I../../../src/texk/kpathsea -I.. -I../../../src/texk/kpathsea/.. -g -c extend-fname.c -o extend-fname.o
echo timestamp > extend-fname.lo
/bin/sh ../libtool --mode=compile "gcc" -DHAVE_CONFIG_H  -I. -I../../../src/texk/kpathsea -I.. -I../../../src/texk/kpathsea/..   -g   -c file-p.c
gcc -DHAVE_CONFIG_H -I. -I../../../src/texk/kpathsea -I.. -I../../../src/texk/kpathsea/.. -g -c file-p.c -o file-p.o
echo timestamp > file-p.lo
/bin/sh ../libtool --mode=compile "gcc" -DHAVE_CONFIG_H  -I. -I../../../src/texk/kpathsea -I.. -I../../../src/texk/kpathsea/..   -g   -c find-suffix.c
gcc -DHAVE_CONFIG_H -I. -I../../../src/texk/kpathsea -I.. -I../../../src/texk/kpathsea/.. -g -c find-suffix.c -o find-suffix.o
echo timestamp > find-suffix.lo
/bin/sh ../libtool --mode=compile "gcc" -DHAVE_CONFIG_H  -I. -I../../../src/texk/kpathsea -I.. -I../../../src/texk/kpathsea/..   -g   -c fn.c
gcc -DHAVE_CONFIG_H -I. -I../../../src/texk/kpathsea -I.. -I../../../src/texk/kpathsea/.. -g -c fn.c -o fn.o
echo timestamp > fn.lo
/bin/sh ../libtool --mode=compile "gcc" -DHAVE_CONFIG_H  -I. -I../../../src/texk/kpathsea -I.. -I../../../src/texk/kpathsea/..   -g   -c fontmap.c
gcc -DHAVE_CONFIG_H -I. -I../../../src/texk/kpathsea -I.. -I../../../src/texk/kpathsea/.. -g -c fontmap.c -o fontmap.o
echo timestamp > fontmap.lo
/bin/sh ../libtool --mode=compile "gcc" -DHAVE_CONFIG_H  -I. -I../../../src/texk/kpathsea -I.. -I../../../src/texk/kpathsea/..   -g   -c getopt.c
gcc -DHAVE_CONFIG_H -I. -I../../../src/texk/kpathsea -I.. -I../../../src/texk/kpathsea/.. -g -c getopt.c -o getopt.o
echo timestamp > getopt.lo
/bin/sh ../libtool --mode=compile "gcc" -DHAVE_CONFIG_H  -I. -I../../../src/texk/kpathsea -I.. -I../../../src/texk/kpathsea/..   -g   -c getopt1.c
gcc -DHAVE_CONFIG_H -I. -I../../../src/texk/kpathsea -I.. -I../../../src/texk/kpathsea/.. -g -c getopt1.c -o getopt1.o
echo timestamp > getopt1.lo
/bin/sh ../libtool --mode=compile "gcc" -DHAVE_CONFIG_H  -I. -I../../../src/texk/kpathsea -I.. -I../../../src/texk/kpathsea/..   -g   -c hash.c
gcc -DHAVE_CONFIG_H -I. -I../../../src/texk/kpathsea -I.. -I../../../src/texk/kpathsea/.. -g -c hash.c -o hash.o
echo timestamp > hash.lo
/bin/sh ../libtool --mode=compile "gcc" -DHAVE_CONFIG_H  -I. -I../../../src/texk/kpathsea -I.. -I../../../src/texk/kpathsea/..   -g   -c kdefault.c
gcc -DHAVE_CONFIG_H -I. -I../../../src/texk/kpathsea -I.. -I../../../src/texk/kpathsea/.. -g -c kdefault.c -o kdefault.o
echo timestamp > kdefault.lo
/bin/sh ../libtool --mode=compile "gcc" -DHAVE_CONFIG_H  -I. -I../../../src/texk/kpathsea -I.. -I../../../src/texk/kpathsea/..   -g   -c line.c
gcc -DHAVE_CONFIG_H -I. -I../../../src/texk/kpathsea -I.. -I../../../src/texk/kpathsea/.. -g -c line.c -o line.o
echo timestamp > line.lo
/bin/sh ../libtool --mode=compile "gcc" -DHAVE_CONFIG_H  -I. -I../../../src/texk/kpathsea -I.. -I../../../src/texk/kpathsea/..   -g   -c magstep.c
gcc -DHAVE_CONFIG_H -I. -I../../../src/texk/kpathsea -I.. -I../../../src/texk/kpathsea/.. -g -c magstep.c -o magstep.o
echo timestamp > magstep.lo
/bin/sh ../libtool --mode=compile "gcc" -DHAVE_CONFIG_H  -I. -I../../../src/texk/kpathsea -I.. -I../../../src/texk/kpathsea/..   -g   -c make-suffix.c
gcc -DHAVE_CONFIG_H -I. -I../../../src/texk/kpathsea -I.. -I../../../src/texk/kpathsea/.. -g -c make-suffix.c -o make-suffix.o
echo timestamp > make-suffix.lo
/bin/sh ../libtool --mode=compile "gcc" -DHAVE_CONFIG_H  -I. -I../../../src/texk/kpathsea -I.. -I../../../src/texk/kpathsea/..   -g   -c path-elt.c
gcc -DHAVE_CONFIG_H -I. -I../../../src/texk/kpathsea -I.. -I../../../src/texk/kpathsea/.. -g -c path-elt.c -o path-elt.o
echo timestamp > path-elt.lo
/bin/sh ../libtool --mode=compile "gcc" -DHAVE_CONFIG_H  -I. -I../../../src/texk/kpathsea -I.. -I../../../src/texk/kpathsea/..   -g   -c pathsearch.c
gcc -DHAVE_CONFIG_H -I. -I../../../src/texk/kpathsea -I.. -I../../../src/texk/kpathsea/.. -g -c pathsearch.c -o pathsearch.o
echo timestamp > pathsearch.lo
/bin/sh ../libtool --mode=compile "gcc" -DHAVE_CONFIG_H  -I. -I../../../src/texk/kpathsea -I.. -I../../../src/texk/kpathsea/..   -g   -c proginit.c
gcc -DHAVE_CONFIG_H -I. -I../../../src/texk/kpathsea -I.. -I../../../src/texk/kpathsea/.. -g -c proginit.c -o proginit.o
echo timestamp > proginit.lo
/bin/sh ../libtool --mode=compile "gcc" -DHAVE_CONFIG_H  -I. -I../../../src/texk/kpathsea -I.. -I../../../src/texk/kpathsea/..   -g   -c progname.c
gcc -DHAVE_CONFIG_H -I. -I../../../src/texk/kpathsea -I.. -I../../../src/texk/kpathsea/.. -g -c progname.c -o progname.o
echo timestamp > progname.lo
/bin/sh ../libtool --mode=compile "gcc" -DHAVE_CONFIG_H  -I. -I../../../src/texk/kpathsea -I.. -I../../../src/texk/kpathsea/..   -g   -c readable.c
gcc -DHAVE_CONFIG_H -I. -I../../../src/texk/kpathsea -I.. -I../../../src/texk/kpathsea/.. -g -c readable.c -o readable.o
echo timestamp > readable.lo
/bin/sh ../libtool --mode=compile "gcc" -DHAVE_CONFIG_H  -I. -I../../../src/texk/kpathsea -I.. -I../../../src/texk/kpathsea/..   -g   -c rm-suffix.c
gcc -DHAVE_CONFIG_H -I. -I../../../src/texk/kpathsea -I.. -I../../../src/texk/kpathsea/.. -g -c rm-suffix.c -o rm-suffix.o
echo timestamp > rm-suffix.lo
/bin/sh ../libtool --mode=compile "gcc" -DHAVE_CONFIG_H  -I. -I../../../src/texk/kpathsea -I.. -I../../../src/texk/kpathsea/..   -g   -c str-list.c
gcc -DHAVE_CONFIG_H -I. -I../../../src/texk/kpathsea -I.. -I../../../src/texk/kpathsea/.. -g -c str-list.c -o str-list.o
echo timestamp > str-list.lo
/bin/sh ../libtool --mode=compile "gcc" -DHAVE_CONFIG_H  -I. -I../../../src/texk/kpathsea -I.. -I../../../src/texk/kpathsea/..   -g   -c str-llist.c
gcc -DHAVE_CONFIG_H -I. -I../../../src/texk/kpathsea -I.. -I../../../src/texk/kpathsea/.. -g -c str-llist.c -o str-llist.o
echo timestamp > str-llist.lo
/bin/sh ../libtool --mode=compile "gcc" -DHAVE_CONFIG_H  -I. -I../../../src/texk/kpathsea -I.. -I../../../src/texk/kpathsea/..   -g   -c tex-glyph.c
gcc -DHAVE_CONFIG_H -I. -I../../../src/texk/kpathsea -I.. -I../../../src/texk/kpathsea/.. -g -c tex-glyph.c -o tex-glyph.o
echo timestamp > tex-glyph.lo
/bin/sh ../libtool --mode=compile "gcc" -DHAVE_CONFIG_H  -I. -I../../../src/texk/kpathsea -I.. -I../../../src/texk/kpathsea/..   -g   -c tex-hush.c
gcc -DHAVE_CONFIG_H -I. -I../../../src/texk/kpathsea -I.. -I../../../src/texk/kpathsea/.. -g -c tex-hush.c -o tex-hush.o
echo timestamp > tex-hush.lo
/bin/sh ../libtool --mode=compile "gcc" -DHAVE_CONFIG_H  -I. -I../../../src/texk/kpathsea -I.. -I../../../src/texk/kpathsea/..   -g   -c tex-make.c
gcc -DHAVE_CONFIG_H -I. -I../../../src/texk/kpathsea -I.. -I../../../src/texk/kpathsea/.. -g -c tex-make.c -o tex-make.o
echo timestamp > tex-make.lo
/bin/sh ../libtool --mode=compile "gcc" -DHAVE_CONFIG_H  -I. -I../../../src/texk/kpathsea -I.. -I../../../src/texk/kpathsea/..   -g   -c tilde.c
gcc -DHAVE_CONFIG_H -I. -I../../../src/texk/kpathsea -I.. -I../../../src/texk/kpathsea/.. -g -c tilde.c -o tilde.o
echo timestamp > tilde.lo
/bin/sh ../libtool --mode=compile "gcc" -DHAVE_CONFIG_H  -I. -I../../../src/texk/kpathsea -I.. -I../../../src/texk/kpathsea/..   -g   -c truncate.c
gcc -DHAVE_CONFIG_H -I. -I../../../src/texk/kpathsea -I.. -I../../../src/texk/kpathsea/.. -g -c truncate.c -o truncate.o
echo timestamp > truncate.lo
/bin/sh ../libtool --mode=compile "gcc" -DHAVE_CONFIG_H  -I. -I../../../src/texk/kpathsea -I.. -I../../../src/texk/kpathsea/..   -g   -c uppercasify.c
gcc -DHAVE_CONFIG_H -I. -I../../../src/texk/kpathsea -I.. -I../../../src/texk/kpathsea/.. -g -c uppercasify.c -o uppercasify.o
echo timestamp > uppercasify.lo
/bin/sh ../libtool --mode=compile "gcc" -DHAVE_CONFIG_H  -I. -I../../../src/texk/kpathsea -I.. -I../../../src/texk/kpathsea/..   -g   -c variable.c
gcc -DHAVE_CONFIG_H -I. -I../../../src/texk/kpathsea -I.. -I../../../src/texk/kpathsea/.. -g -c variable.c -o variable.o
echo timestamp > variable.lo
/bin/sh ../libtool --mode=compile "gcc" -DHAVE_CONFIG_H  -I. -I../../../src/texk/kpathsea -I.. -I../../../src/texk/kpathsea/..   -g   -c version.c
gcc -DHAVE_CONFIG_H -I. -I../../../src/texk/kpathsea -I.. -I../../../src/texk/kpathsea/.. -g -c version.c -o version.o
echo timestamp > version.lo
/bin/sh ../libtool --mode=compile "gcc" -DHAVE_CONFIG_H  -I. -I../../../src/texk/kpathsea -I.. -I../../../src/texk/kpathsea/..   -g   -c xbasename.c
gcc -DHAVE_CONFIG_H -I. -I../../../src/texk/kpathsea -I.. -I../../../src/texk/kpathsea/.. -g -c xbasename.c -o xbasename.o
echo timestamp > xbasename.lo
/bin/sh ../libtool --mode=compile "gcc" -DHAVE_CONFIG_H  -I. -I../../../src/texk/kpathsea -I.. -I../../../src/texk/kpathsea/..   -g   -c xcalloc.c
gcc -DHAVE_CONFIG_H -I. -I../../../src/texk/kpathsea -I.. -I../../../src/texk/kpathsea/.. -g -c xcalloc.c -o xcalloc.o
echo timestamp > xcalloc.lo
/bin/sh ../libtool --mode=compile "gcc" -DHAVE_CONFIG_H  -I. -I../../../src/texk/kpathsea -I.. -I../../../src/texk/kpathsea/..   -g   -c xdirname.c
gcc -DHAVE_CONFIG_H -I. -I../../../src/texk/kpathsea -I.. -I../../../src/texk/kpathsea/.. -g -c xdirname.c -o xdirname.o
echo timestamp > xdirname.lo
/bin/sh ../libtool --mode=compile "gcc" -DHAVE_CONFIG_H  -I. -I../../../src/texk/kpathsea -I.. -I../../../src/texk/kpathsea/..   -g   -c xfopen.c
gcc -DHAVE_CONFIG_H -I. -I../../../src/texk/kpathsea -I.. -I../../../src/texk/kpathsea/.. -g -c xfopen.c -o xfopen.o
echo timestamp > xfopen.lo
/bin/sh ../libtool --mode=compile "gcc" -DHAVE_CONFIG_H  -I. -I../../../src/texk/kpathsea -I.. -I../../../src/texk/kpathsea/..   -g   -c xfseek.c
gcc -DHAVE_CONFIG_H -I. -I../../../src/texk/kpathsea -I.. -I../../../src/texk/kpathsea/.. -g -c xfseek.c -o xfseek.o
echo timestamp > xfseek.lo
/bin/sh ../libtool --mode=compile "gcc" -DHAVE_CONFIG_H  -I. -I../../../src/texk/kpathsea -I.. -I../../../src/texk/kpathsea/..   -g   -c xftell.c
gcc -DHAVE_CONFIG_H -I. -I../../../src/texk/kpathsea -I.. -I../../../src/texk/kpathsea/.. -g -c xftell.c -o xftell.o
echo timestamp > xftell.lo
/bin/sh ../libtool --mode=compile "gcc" -DHAVE_CONFIG_H  -I. -I../../../src/texk/kpathsea -I.. -I../../../src/texk/kpathsea/..   -g   -c xgetcwd.c
gcc -DHAVE_CONFIG_H -I. -I../../../src/texk/kpathsea -I.. -I../../../src/texk/kpathsea/.. -g -c xgetcwd.c -o xgetcwd.o
echo timestamp > xgetcwd.lo
/bin/sh ../libtool --mode=compile "gcc" -DHAVE_CONFIG_H  -I. -I../../../src/texk/kpathsea -I.. -I../../../src/texk/kpathsea/..   -g   -c xmalloc.c
gcc -DHAVE_CONFIG_H -I. -I../../../src/texk/kpathsea -I.. -I../../../src/texk/kpathsea/.. -g -c xmalloc.c -o xmalloc.o
echo timestamp > xmalloc.lo
/bin/sh ../libtool --mode=compile "gcc" -DHAVE_CONFIG_H  -I. -I../../../src/texk/kpathsea -I.. -I../../../src/texk/kpathsea/..   -g   -c xopendir.c
gcc -DHAVE_CONFIG_H -I. -I../../../src/texk/kpathsea -I.. -I../../../src/texk/kpathsea/.. -g -c xopendir.c -o xopendir.o
echo timestamp > xopendir.lo
/bin/sh ../libtool --mode=compile "gcc" -DHAVE_CONFIG_H  -I. -I../../../src/texk/kpathsea -I.. -I../../../src/texk/kpathsea/..   -g   -c xputenv.c
gcc -DHAVE_CONFIG_H -I. -I../../../src/texk/kpathsea -I.. -I../../../src/texk/kpathsea/.. -g -c xputenv.c -o xputenv.o
echo timestamp > xputenv.lo
/bin/sh ../libtool --mode=compile "gcc" -DHAVE_CONFIG_H  -I. -I../../../src/texk/kpathsea -I.. -I../../../src/texk/kpathsea/..   -g   -c xrealloc.c
gcc -DHAVE_CONFIG_H -I. -I../../../src/texk/kpathsea -I.. -I../../../src/texk/kpathsea/.. -g -c xrealloc.c -o xrealloc.o
echo timestamp > xrealloc.lo
/bin/sh ../libtool --mode=compile "gcc" -DHAVE_CONFIG_H  -I. -I../../../src/texk/kpathsea -I.. -I../../../src/texk/kpathsea/..   -g   -c xstat.c
gcc -DHAVE_CONFIG_H -I. -I../../../src/texk/kpathsea -I.. -I../../../src/texk/kpathsea/.. -g -c xstat.c -o xstat.o
echo timestamp > xstat.lo
/bin/sh ../libtool --mode=compile "gcc" -DHAVE_CONFIG_H  -I. -I../../../src/texk/kpathsea -I.. -I../../../src/texk/kpathsea/..   -g   -c xstrdup.c
gcc -DHAVE_CONFIG_H -I. -I../../../src/texk/kpathsea -I.. -I../../../src/texk/kpathsea/.. -g -c xstrdup.c -o xstrdup.o
echo timestamp > xstrdup.lo
/bin/sh ../libtool --mode=link gcc -o ../kpathsea/libkpathsea.la   -rpath /usr/local/teTeX/lib -version-info 4:0:0 tex-file.lo absolute.lo atou.lo cnf.lo concat.lo concat3.lo concatn.lo db.lo debug.lo dir.lo elt-dirs.lo expand.lo extend-fname.lo file-p.lo find-suffix.lo fn.lo fontmap.lo getopt.lo getopt1.lo hash.lo kdefault.lo line.lo magstep.lo make-suffix.lo path-elt.lo pathsearch.lo proginit.lo progname.lo readable.lo rm-suffix.lo str-list.lo str-llist.lo tex-glyph.lo tex-hush.lo tex-make.lo tilde.lo truncate.lo uppercasify.lo variable.lo version.lo xbasename.lo xcalloc.lo xdirname.lo xfopen.lo xfseek.lo xftell.lo xgetcwd.lo xmalloc.lo xopendir.lo xputenv.lo xrealloc.lo xstat.lo xstrdup.lo  
mkdir ../kpathsea/.libs
rm -fr ../kpathsea/.libs/libkpathsea.la ../kpathsea/.libs/libkpathsea.* ../kpathsea/.libs/libkpathsea.*
ar cru ../kpathsea/.libs/libkpathsea.a  tex-file.o absolute.o atou.o cnf.o concat.o concat3.o concatn.o db.o debug.o dir.o elt-dirs.o expand.o extend-fname.o file-p.o find-suffix.o fn.o fontmap.o getopt.o getopt1.o hash.o kdefault.o line.o magstep.o make-suffix.o path-elt.o pathsearch.o proginit.o progname.o readable.o rm-suffix.o str-list.o str-llist.o tex-glyph.o tex-hush.o tex-make.o tilde.o truncate.o uppercasify.o variable.o version.o xbasename.o xcalloc.o xdirname.o xfopen.o xfseek.o xftell.o xgetcwd.o xmalloc.o xopendir.o xputenv.o xrealloc.o xstat.o xstrdup.o 
ranlib ../kpathsea/.libs/libkpathsea.a
creating ../kpathsea/libkpathsea.la
(cd ../kpathsea/.libs && rm -f libkpathsea.la && ln -s ../libkpathsea.la libkpathsea.la)
gcc -DHAVE_CONFIG_H  -I. -I../../../src/texk/kpathsea -I.. -I../../../src/texk/kpathsea/..   -g   -c kpsewhich.c -o kpsewhich.o
/bin/sh ../libtool --mode=link gcc -o kpsewhich   kpsewhich.o  ../kpathsea/libkpathsea.la -lm  
gcc -o kpsewhich kpsewhich.o  ../kpathsea/.libs/libkpathsea.a -lm
gcc -DHAVE_CONFIG_H  -I. -I../../../src/texk/kpathsea -I.. -I../../../src/texk/kpathsea/..   -g   -c kpsestat.c -o kpsestat.o
gcc -o kpsestat   kpsestat.o
gcc -DHAVE_CONFIG_H  -I. -I../../../src/texk/kpathsea -I.. -I../../../src/texk/kpathsea/..   -g   -c access.c -o access.o
gcc -o access   access.o
gcc -DHAVE_CONFIG_H  -I. -I../../../src/texk/kpathsea -I.. -I../../../src/texk/kpathsea/..   -g   -c readlink.c -o readlink.o
gcc -o readlink   readlink.o
cp /dev/null sedscript
for f in ../kpathsea/paths.h; do \
  sed -n -e '/^#define/s/#define[ 	][ 	]*\([A-Z_a-z][A-Z_a-z]*\)[ 	][ 	]*\(.*\)/s%@\1@%\2%/p' \
	$f \
  | sed -e 's/"//g' -e 's/[ 	]*\/\*[^*]*\*\///g' >>sedscript;\
done
echo 's%@VERSION@%3.5.2%'		>>sedscript
echo 's%@BINDIR@%/usr/local/teTeX/bin/i686-pc-linux-gnu%'		>>sedscript
echo 's%@INFODIR@%/usr/local/teTeX/info%'		>>sedscript
echo 's%@TEXINPUTDIR@%/usr/local/teTeX/share/texmf/tex%'	>>sedscript
echo 's%@MFINPUTDIR@%/usr/local/teTeX/share/texmf/metafont%'	>>sedscript
echo 's%@MPINPUTDIR@%/usr/local/teTeX/share/texmf/metapost%'	>>sedscript
echo 's%@FONTDIR@%/usr/local/teTeX/share/texmf/fonts%'		>>sedscript
echo 's%@FMTDIR@%/usr/local/teTeX/share/texmf/web2c%'		>>sedscript
echo 's%@BASEDIR@%/usr/local/teTeX/share/texmf/web2c%'		>>sedscript
echo 's%@MEMDIR@%/usr/local/teTeX/share/texmf/web2c%'		>>sedscript
echo 's%@TEXPOOLDIR@%/usr/local/teTeX/share/texmf/web2c%'	>>sedscript
echo 's%@MFPOOLDIR@%/usr/local/teTeX/share/texmf/web2c%'	>>sedscript
echo 's%@MPPOOLDIR@%/usr/local/teTeX/share/texmf/web2c%'	>>sedscript
echo 's%@FONTMAPDIR@%/usr/local/teTeX/share/texmf/dvips%'	>>sedscript
echo 's%@LOCALMODES@%%'	>>sedscript
sed -f sedscript access.man >access.1
sed -f sedscript kpsestat.man >kpsestat.1
sed -f sedscript kpsewhich.man >kpsewhich.1
sed -f sedscript readlink.man >readlink.1
sed -f sedscript mktexlsr.man >mktexlsr.1
sed -f sedscript mktexmf.man >mktexmf.1
sed -f sedscript mktextfm.man >mktextfm.1
sed -f sedscript mktexpk.man >mktexpk.1
make[1]: Leaving directory `/home/ms/tex/pdftex/current/src/texk/kpathsea'
cd lib && make  CC='gcc' CFLAGS='-g  ' LDFLAGS='' 
make[1]: Entering directory `/home/ms/tex/pdftex/current/src/texk/web2c/lib'
gcc -g   -c ../../../../src/texk/web2c/lib/alloca.c
gcc -DHAVE_CONFIG_H  -I. -I../../../../src/texk/web2c/lib -I../.. -I../../../../src/texk/web2c/.. -I.. -I../../../../src/texk/web2c/lib/..  -g   -c basechsuffix.c -o basechsuffix.o
gcc -DHAVE_CONFIG_H  -I. -I../../../../src/texk/web2c/lib -I../.. -I../../../../src/texk/web2c/.. -I.. -I../../../../src/texk/web2c/lib/..  -g   -c chartostring.c -o chartostring.o
gcc -DHAVE_CONFIG_H  -I. -I../../../../src/texk/web2c/lib -I../.. -I../../../../src/texk/web2c/.. -I.. -I../../../../src/texk/web2c/lib/..  -g   -c coredump.c -o coredump.o
gcc -DHAVE_CONFIG_H  -I. -I../../../../src/texk/web2c/lib -I../.. -I../../../../src/texk/web2c/.. -I.. -I../../../../src/texk/web2c/lib/..  -g   -c eofeoln.c -o eofeoln.o
gcc -DHAVE_CONFIG_H  -I. -I../../../../src/texk/web2c/lib -I../.. -I../../../../src/texk/web2c/.. -I.. -I../../../../src/texk/web2c/lib/..  -g   -c fprintreal.c -o fprintreal.o
gcc -DHAVE_CONFIG_H  -I. -I../../../../src/texk/web2c/lib -I../.. -I../../../../src/texk/web2c/.. -I.. -I../../../../src/texk/web2c/lib/..  -g   -c inputint.c -o inputint.o
gcc -DHAVE_CONFIG_H  -I. -I../../../../src/texk/web2c/lib -I../.. -I../../../../src/texk/web2c/.. -I.. -I../../../../src/texk/web2c/lib/..  -g   -c input2int.c -o input2int.o
gcc -DHAVE_CONFIG_H  -I. -I../../../../src/texk/web2c/lib -I../.. -I../../../../src/texk/web2c/.. -I.. -I../../../../src/texk/web2c/lib/..  -g   -c main.c -o main.o
gcc -DHAVE_CONFIG_H  -I. -I../../../../src/texk/web2c/lib -I../.. -I../../../../src/texk/web2c/.. -I.. -I../../../../src/texk/web2c/lib/..  -g   -c openclose.c -o openclose.o
gcc -DHAVE_CONFIG_H  -I. -I../../../../src/texk/web2c/lib -I../.. -I../../../../src/texk/web2c/.. -I.. -I../../../../src/texk/web2c/lib/..  -g   -c printversion.c -o printversion.o
gcc -DHAVE_CONFIG_H  -I. -I../../../../src/texk/web2c/lib -I../.. -I../../../../src/texk/web2c/.. -I.. -I../../../../src/texk/web2c/lib/..  -g   -c uexit.c -o uexit.o
gcc -DHAVE_CONFIG_H  -I. -I../../../../src/texk/web2c/lib -I../.. -I../../../../src/texk/web2c/.. -I.. -I../../../../src/texk/web2c/lib/..  -g   -c usage.c -o usage.o
gcc -DHAVE_CONFIG_H  -I. -I../../../../src/texk/web2c/lib -I../.. -I../../../../src/texk/web2c/.. -I.. -I../../../../src/texk/web2c/lib/..  -g   -c version.c -o version.o
gcc -DHAVE_CONFIG_H  -I. -I../../../../src/texk/web2c/lib -I../.. -I../../../../src/texk/web2c/.. -I.. -I../../../../src/texk/web2c/lib/..  -g   -c zround.c -o zround.o
rm -f lib.a
ar rc lib.a alloca.o basechsuffix.o chartostring.o coredump.o eofeoln.o fprintreal.o inputint.o input2int.o main.o openclose.o printversion.o uexit.o usage.o version.o zround.o
ranlib lib.a
make[1]: Leaving directory `/home/ms/tex/pdftex/current/src/texk/web2c/lib'
cd web2c && make  CC='gcc' CFLAGS='-g  ' LDFLAGS=''  fixwrites
make[1]: Entering directory `/home/ms/tex/pdftex/current/src/texk/web2c/web2c'
gcc -DHAVE_CONFIG_H  -I. -I../../../../src/texk/web2c/web2c -I../.. -I../../../../src/texk/web2c/.. -I.. -I../../../../src/texk/web2c/web2c/..  -g   -c fixwrites.c -o fixwrites.o
/bin/sh ../../libtool --mode=link gcc -o fixwrites   fixwrites.o ../lib/lib.a ../../kpathsea/libkpathsea.la -lm  
mkdir .libs
gcc -o fixwrites fixwrites.o  ../lib/lib.a ../../kpathsea/.libs/libkpathsea.a -lm
make[1]: Leaving directory `/home/ms/tex/pdftex/current/src/texk/web2c/web2c'
cd web2c && make  CC='gcc' CFLAGS='-g  ' LDFLAGS=''  splitup
make[1]: Entering directory `/home/ms/tex/pdftex/current/src/texk/web2c/web2c'
gcc -DHAVE_CONFIG_H  -I. -I../../../../src/texk/web2c/web2c -I../.. -I../../../../src/texk/web2c/.. -I.. -I../../../../src/texk/web2c/web2c/..  -g   -c splitup.c -o splitup.o
/bin/sh ../../libtool --mode=link gcc -o splitup   splitup.o ../lib/lib.a ../../kpathsea/libkpathsea.la -lm  
gcc -o splitup splitup.o  ../lib/lib.a ../../kpathsea/.libs/libkpathsea.a -lm
make[1]: Leaving directory `/home/ms/tex/pdftex/current/src/texk/web2c/web2c'
cd web2c && make  CC='gcc' CFLAGS='-g  ' LDFLAGS=''  web2c
make[1]: Entering directory `/home/ms/tex/pdftex/current/src/texk/web2c/web2c'
Expect one shift/reduce conflict.
yacc -d -v ../../../../src/texk/web2c/web2c/web2c.y
test -f y.tab.c && mv -f y.tab.c y_tab.c
test -f y.tab.h && mv -f y.tab.h y_tab.h
gcc -DHAVE_CONFIG_H  -I. -I../../../../src/texk/web2c/web2c -I../.. -I../../../../src/texk/web2c/.. -I.. -I../../../../src/texk/web2c/web2c/..  -g   -c main.c -o main.o
gcc -DHAVE_CONFIG_H  -I. -I../../../../src/texk/web2c/web2c -I../.. -I../../../../src/texk/web2c/.. -I.. -I../../../../src/texk/web2c/web2c/..  -g   -c y_tab.c -o y_tab.o
flex -l ../../../../src/texk/web2c/web2c/web2c.l
gcc -DHAVE_CONFIG_H  -I. -I../../../../src/texk/web2c/web2c -I../.. -I../../../../src/texk/web2c/.. -I.. -I../../../../src/texk/web2c/web2c/..  -g   -c lex.yy.c -o lex.yy.o
/bin/sh ../../libtool --mode=link gcc -o web2c   main.o y_tab.o lex.yy.o -lfl ../lib/lib.a ../../kpathsea/libkpathsea.la -lm   
gcc -o web2c main.o y_tab.o lex.yy.o  -lfl ../lib/lib.a ../../kpathsea/.libs/libkpathsea.a -lm
make[1]: Leaving directory `/home/ms/tex/pdftex/current/src/texk/web2c/web2c'
srcdir=../../../src/texk/web2c /bin/sh ../../../src/texk/web2c/web2c/convert tangleboot
gcc -DHAVE_CONFIG_H  -I. -I../../../src/texk/web2c -I.. -I../../../src/texk/web2c/..   -g   -c tangleboot.c -o tangleboot.o
/bin/sh ../libtool --mode=link gcc -o tangleboot   tangleboot.o lib/lib.a ../kpathsea/libkpathsea.la -lm  
mkdir .libs
gcc -o tangleboot tangleboot.o  lib/lib.a ../kpathsea/.libs/libkpathsea.a -lm
WEBINPUTS=../../../src/texk/web2c ./tangleboot tangle tangle
This is TANGLE, Version 4.5 (Web2C 7.5.2)
*1*11*19*29*37*50*65*70*77*94*112*123*143*156*163*171*179*182*188*200
Writing the output file.....500....
Done.
(No errors were found.)
srcdir=../../../src/texk/web2c /bin/sh ../../../src/texk/web2c/web2c/convert tangle
gcc -DHAVE_CONFIG_H  -I. -I../../../src/texk/web2c -I.. -I../../../src/texk/web2c/..   -g   -c tangle.c -o tangle.o
/bin/sh ../libtool --mode=link gcc -o tangle   tangle.o lib/lib.a ../kpathsea/libkpathsea.la -lm  
gcc -o tangle tangle.o  lib/lib.a ../kpathsea/.libs/libkpathsea.a -lm
make  CC='gcc' CFLAGS='-g  ' LDFLAGS=''  tangleboot.p
make[1]: Entering directory `/home/ms/tex/pdftex/current/src/texk/web2c'
make[1]: `tangleboot.p' is up to date.
make[1]: Leaving directory `/home/ms/tex/pdftex/current/src/texk/web2c'
gcc -DHAVE_CONFIG_H  -I. -I../../../src/texk/web2c -I.. -I../../../src/texk/web2c/..   -g   -c ctangleboot.c -o ctangleboot.o
gcc -DHAVE_CONFIG_H  -I. -I../../../src/texk/web2c -I.. -I../../../src/texk/web2c/..   -g   -c cwebboot.c -o cwebboot.o
/bin/sh ../libtool --mode=link gcc -o ctangleboot   ctangleboot.o cwebboot.o lib/lib.a ../kpathsea/libkpathsea.la -lm  
gcc -o ctangleboot ctangleboot.o cwebboot.o  lib/lib.a ../kpathsea/.libs/libkpathsea.a -lm
CWEBINPUTS=../../../src/texk/web2c/cwebdir ./ctangleboot ctangle ctang-w2c
This is CTANGLE, Version 3.64 (Web2C 7.5.2)
*1*15*22*26*34*40*54*60*74*81*95
Writing the output file (ctangle.c):.....500.....1000..
Done.
(No errors were found.)
gcc -DHAVE_CONFIG_H  -I. -I../../../src/texk/web2c -I.. -I../../../src/texk/web2c/..   -g   -c ctangle.c -o ctangle.o
CWEBINPUTS=../../../src/texk/web2c/cwebdir ./ctangleboot common comm-w2c cweb.c
This is CTANGLE, Version 3.64 (Web2C 7.5.2)
*1*5*7*29*58*69*79*83*86
Writing the output file (cweb.c):.....500....
Done.
(No errors were found.)
gcc -DHAVE_CONFIG_H  -I. -I../../../src/texk/web2c -I.. -I../../../src/texk/web2c/..   -g   -c cweb.c -o cweb.o
/bin/sh ../libtool --mode=link gcc -o ctangle   ctangle.o cweb.o lib/lib.a ../kpathsea/libkpathsea.la -lm  
gcc -o ctangle ctangle.o cweb.o  lib/lib.a ../kpathsea/.libs/libkpathsea.a -lm
make  CC='gcc' CFLAGS='-g  ' LDFLAGS=''  ctangleboot.c cwebboot.c
make[1]: Entering directory `/home/ms/tex/pdftex/current/src/texk/web2c'
make[1]: `ctangleboot.c' is up to date.
make[1]: `cwebboot.c' is up to date.
make[1]: Leaving directory `/home/ms/tex/pdftex/current/src/texk/web2c'
CWEBINPUTS=../../../src/texk/web2c/tiedir ./ctangle tie.w tie-w2c.ch
This is CTANGLE, Version 3.64 (Web2C 7.5.2)
*1*7*15*18*24*31*34*38*59*61*62
Writing the output file (tie.c):.....500..
Done.
(No errors were found.)
gcc -DHAVE_CONFIG_H  -I. -I../../../src/texk/web2c -I.. -I../../../src/texk/web2c/..   -g   -c tie.c -o tie.o
/bin/sh ../libtool --mode=link gcc -o tie   tie.o lib/lib.a ../kpathsea/libkpathsea.la -lm  
gcc -o tie tie.o  lib/lib.a ../kpathsea/.libs/libkpathsea.a -lm
./tie -m pdftex.web ../../../src/texk/web2c/tex.web \
../../../src/texk/web2c/pdftexdir/pdftex.ch \
../../../src/texk/web2c/pdftexdir/hz.ch  \
../../../src/texk/web2c/pdftexdir/misc.ch
This is TIE, CWEB Version 2.4. (Web2C 7.5.2)
Copyright (c) 1989,1992 by THD/ITI. All rights reserved.
(../../../src/texk/web2c/tex.web)
(../../../src/texk/web2c/pdftexdir/pdftex.ch)
(../../../src/texk/web2c/pdftexdir/hz.ch)
(../../../src/texk/web2c/pdftexdir/misc.ch)
....500....1000....1500....2000....2500....3000....3500....4000....4500....5000....5500....6000....6500....7000....7500....8000....8500....9000....9500....10000....10500....11000....11500....12000....12500....13000....13500....14000....14500....15000....15500....16000....16500....17000....17500....18000....18500....19000....19500....20000....20500....21000....21500....22000....22500....23000....23500....24000....24500....
(No errors were found.)
./tie -c pdftex.ch pdftex.web \
../../../src/texk/web2c/pdftexdir/tex.ch0 \
../../../src/texk/web2c/tex.ch \
../../../src/texk/web2c/pdftexdir/tex.ch1 \
../../../src/texk/web2c/pdftexdir/tex.pch \
../../../src/texk/web2c/pdftexdir/tex.ch2
This is TIE, CWEB Version 2.4. (Web2C 7.5.2)
Copyright (c) 1989,1992 by THD/ITI. All rights reserved.
(pdftex.web)
(../../../src/texk/web2c/pdftexdir/tex.ch0)
(../../../src/texk/web2c/tex.ch)
(../../../src/texk/web2c/pdftexdir/tex.ch1)
(../../../src/texk/web2c/pdftexdir/tex.pch)
(../../../src/texk/web2c/pdftexdir/tex.ch2)
....500....1000....1500....2000....2500....3000....3500....4000....4500....5000....5500....6000....6500....7000....7500....8000....8500....9000....9500....10000....10500....11000....11500....12000....12500....13000....13500....14000....14500....15000....15500....16000....16500....17000....17500....18000....18500....19000....19500....20000....20500....21000....21500....22000....22500....23000....23500....24000....24500....25000....25500....26000....26500....27000....27500....28000....28500....29000....29500....30000....30500....31000....31500...
(No errors were found.)
./tangle pdftex.web pdftex.ch
This is TANGLE, Version 4.5 (Web2C 7.5.2)
*1*17*25*38*54*72*99*110*115*133*162*173*199*203*207*211*220*256*268*289*297*300*321*332*366*402*464*487*511*539*583*592*644*652*664*666*674*697*783*821*840*860*909*954*1003*1032*1041*1060*1083*1108*1121*1170*1196*1277*1349*1440*1471*1479*1481*1579*1584*1586*1596*1599
Writing the output file.....500.....1000.....1500.....2000.....2500.....3000.....3500.....4000.....4500.....5000.....5500.....6000.....6500.....7000.....7500.....8000.....8500.....9000.....9500...
Done.
1449 strings written to string pool file.
(No errors were found.)
srcdir=../../../src/texk/web2c /bin/sh ../../../src/texk/web2c/web2c/convert pdftex
gcc -DHAVE_CONFIG_H  -I. -I../../../src/texk/web2c -I.. -I../../../src/texk/web2c/..   -g   -c pdftexini.c -o pdftexini.o
gcc -DHAVE_CONFIG_H  -I. -I../../../src/texk/web2c -I.. -I../../../src/texk/web2c/..   -g   -c pdftex0.c -o pdftex0.o
gcc -DHAVE_CONFIG_H  -I. -I../../../src/texk/web2c -I.. -I../../../src/texk/web2c/..   -g   -c pdftex1.c -o pdftex1.o
gcc -DHAVE_CONFIG_H  -I. -I../../../src/texk/web2c -I.. -I../../../src/texk/web2c/..   -g   -c pdftex2.c -o pdftex2.o
gcc -DHAVE_CONFIG_H  -I. -I../../../src/texk/web2c -I.. -I../../../src/texk/web2c/..   -g   -c pdftex3.c -o pdftex3.o
sed s/TEX-OR-MF-OR-MP/pdftex/ ../../../src/texk/web2c/lib/texmfmp.c >pdftexextra.c
gcc -DHAVE_CONFIG_H  -I. -I../../../src/texk/web2c -I.. -I../../../src/texk/web2c/..   -g   -c pdftexextra.c -o pdftexextra.o
cd pdftexdir && make  CC='gcc' CFLAGS='-g  ' LDFLAGS=''  libpdf.a
make[1]: Entering directory `/home/ms/tex/pdftex/current/src/texk/web2c/pdftexdir'
gcc -DHAVE_CONFIG_H  -I. -I../../../../src/texk/web2c/pdftexdir -I.. -I../../../../src/texk/web2c/pdftexdir/../..  -I.. -I../../../../src/texk/web2c/pdftexdir/.. -I../.. -I../../../../src/texk/web2c/pdftexdir/../.. -I../../../libs/md5 -I../../../../src/texk/web2c/pdftexdir/../../../libs/md5 -I../../../libs/libpng -I../../../../src/texk/web2c/pdftexdir/../../../libs/libpng -I../../../libs/zlib -I../../../../src/texk/web2c/pdftexdir/../../../libs/zlib -DpdfTeX -g   -c epdf.c -o epdf.o
gcc -DHAVE_CONFIG_H  -I. -I../../../../src/texk/web2c/pdftexdir -I.. -I../../../../src/texk/web2c/pdftexdir/../..  -I.. -I../../../../src/texk/web2c/pdftexdir/.. -I../.. -I../../../../src/texk/web2c/pdftexdir/../.. -I../../../libs/md5 -I../../../../src/texk/web2c/pdftexdir/../../../libs/md5 -I../../../libs/libpng -I../../../../src/texk/web2c/pdftexdir/../../../libs/libpng -I../../../libs/zlib -I../../../../src/texk/web2c/pdftexdir/../../../libs/zlib -DpdfTeX -g   -c mapfile.c -o mapfile.o
gcc -DHAVE_CONFIG_H  -I. -I../../../../src/texk/web2c/pdftexdir -I.. -I../../../../src/texk/web2c/pdftexdir/../..  -I.. -I../../../../src/texk/web2c/pdftexdir/.. -I../.. -I../../../../src/texk/web2c/pdftexdir/../.. -I../../../libs/md5 -I../../../../src/texk/web2c/pdftexdir/../../../libs/md5 -I../../../libs/libpng -I../../../../src/texk/web2c/pdftexdir/../../../libs/libpng -I../../../libs/zlib -I../../../../src/texk/web2c/pdftexdir/../../../libs/zlib -DpdfTeX -g   -c papersiz.c -o papersiz.o
gcc -DHAVE_CONFIG_H  -I. -I../../../../src/texk/web2c/pdftexdir -I.. -I../../../../src/texk/web2c/pdftexdir/../..  -I.. -I../../../../src/texk/web2c/pdftexdir/.. -I../.. -I../../../../src/texk/web2c/pdftexdir/../.. -I../../../libs/md5 -I../../../../src/texk/web2c/pdftexdir/../../../libs/md5 -I../../../libs/libpng -I../../../../src/texk/web2c/pdftexdir/../../../libs/libpng -I../../../libs/zlib -I../../../../src/texk/web2c/pdftexdir/../../../libs/zlib -DpdfTeX -g   -c utils.c -o utils.o
gcc -DHAVE_CONFIG_H  -I. -I../../../../src/texk/web2c/pdftexdir -I.. -I../../../../src/texk/web2c/pdftexdir/../..  -I.. -I../../../../src/texk/web2c/pdftexdir/.. -I../.. -I../../../../src/texk/web2c/pdftexdir/../.. -I../../../libs/md5 -I../../../../src/texk/web2c/pdftexdir/../../../libs/md5 -I../../../libs/libpng -I../../../../src/texk/web2c/pdftexdir/../../../libs/libpng -I../../../libs/zlib -I../../../../src/texk/web2c/pdftexdir/../../../libs/zlib -DpdfTeX -g   -c config.c -o config.o
gcc -DHAVE_CONFIG_H  -I. -I../../../../src/texk/web2c/pdftexdir -I.. -I../../../../src/texk/web2c/pdftexdir/../..  -I.. -I../../../../src/texk/web2c/pdftexdir/.. -I../.. -I../../../../src/texk/web2c/pdftexdir/../.. -I../../../libs/md5 -I../../../../src/texk/web2c/pdftexdir/../../../libs/md5 -I../../../libs/libpng -I../../../../src/texk/web2c/pdftexdir/../../../libs/libpng -I../../../libs/zlib -I../../../../src/texk/web2c/pdftexdir/../../../libs/zlib -DpdfTeX -g   -c vfpacket.c -o vfpacket.o
gcc -DHAVE_CONFIG_H  -I. -I../../../../src/texk/web2c/pdftexdir -I.. -I../../../../src/texk/web2c/pdftexdir/../..  -I.. -I../../../../src/texk/web2c/pdftexdir/.. -I../.. -I../../../../src/texk/web2c/pdftexdir/../.. -I../../../libs/md5 -I../../../../src/texk/web2c/pdftexdir/../../../libs/md5 -I../../../libs/libpng -I../../../../src/texk/web2c/pdftexdir/../../../libs/libpng -I../../../libs/zlib -I../../../../src/texk/web2c/pdftexdir/../../../libs/zlib -DpdfTeX -g   -c pkin.c -o pkin.o
gcc -DHAVE_CONFIG_H  -I. -I../../../../src/texk/web2c/pdftexdir -I.. -I../../../../src/texk/web2c/pdftexdir/../..  -I.. -I../../../../src/texk/web2c/pdftexdir/.. -I../.. -I../../../../src/texk/web2c/pdftexdir/../.. -I../../../libs/md5 -I../../../../src/texk/web2c/pdftexdir/../../../libs/md5 -I../../../libs/libpng -I../../../../src/texk/web2c/pdftexdir/../../../libs/libpng -I../../../libs/zlib -I../../../../src/texk/web2c/pdftexdir/../../../libs/zlib -DpdfTeX -g   -c writefont.c -o writefont.o
gcc -DHAVE_CONFIG_H  -I. -I../../../../src/texk/web2c/pdftexdir -I.. -I../../../../src/texk/web2c/pdftexdir/../..  -I.. -I../../../../src/texk/web2c/pdftexdir/.. -I../.. -I../../../../src/texk/web2c/pdftexdir/../.. -I../../../libs/md5 -I../../../../src/texk/web2c/pdftexdir/../../../libs/md5 -I../../../libs/libpng -I../../../../src/texk/web2c/pdftexdir/../../../libs/libpng -I../../../libs/zlib -I../../../../src/texk/web2c/pdftexdir/../../../libs/zlib -DpdfTeX -g   -c writet1.c -o writet1.o
gcc -DHAVE_CONFIG_H  -I. -I../../../../src/texk/web2c/pdftexdir -I.. -I../../../../src/texk/web2c/pdftexdir/../..  -I.. -I../../../../src/texk/web2c/pdftexdir/.. -I../.. -I../../../../src/texk/web2c/pdftexdir/../.. -I../../../libs/md5 -I../../../../src/texk/web2c/pdftexdir/../../../libs/md5 -I../../../libs/libpng -I../../../../src/texk/web2c/pdftexdir/../../../libs/libpng -I../../../libs/zlib -I../../../../src/texk/web2c/pdftexdir/../../../libs/zlib -DpdfTeX -g   -c writet3.c -o writet3.o
gcc -DHAVE_CONFIG_H  -I. -I../../../../src/texk/web2c/pdftexdir -I.. -I../../../../src/texk/web2c/pdftexdir/../..  -I.. -I../../../../src/texk/web2c/pdftexdir/.. -I../.. -I../../../../src/texk/web2c/pdftexdir/../.. -I../../../libs/md5 -I../../../../src/texk/web2c/pdftexdir/../../../libs/md5 -I../../../libs/libpng -I../../../../src/texk/web2c/pdftexdir/../../../libs/libpng -I../../../libs/zlib -I../../../../src/texk/web2c/pdftexdir/../../../libs/zlib -DpdfTeX -g   -c writezip.c -o writezip.o
gcc -DHAVE_CONFIG_H  -I. -I../../../../src/texk/web2c/pdftexdir -I.. -I../../../../src/texk/web2c/pdftexdir/../..  -I.. -I../../../../src/texk/web2c/pdftexdir/.. -I../.. -I../../../../src/texk/web2c/pdftexdir/../.. -I../../../libs/md5 -I../../../../src/texk/web2c/pdftexdir/../../../libs/md5 -I../../../libs/libpng -I../../../../src/texk/web2c/pdftexdir/../../../libs/libpng -I../../../libs/zlib -I../../../../src/texk/web2c/pdftexdir/../../../libs/zlib -DpdfTeX -g   -c writeenc.c -o writeenc.o
gcc -DHAVE_CONFIG_H  -I. -I../../../../src/texk/web2c/pdftexdir -I.. -I../../../../src/texk/web2c/pdftexdir/../..  -I.. -I../../../../src/texk/web2c/pdftexdir/.. -I../.. -I../../../../src/texk/web2c/pdftexdir/../.. -I../../../libs/md5 -I../../../../src/texk/web2c/pdftexdir/../../../libs/md5 -I../../../libs/libpng -I../../../../src/texk/web2c/pdftexdir/../../../libs/libpng -I../../../libs/zlib -I../../../../src/texk/web2c/pdftexdir/../../../libs/zlib -DpdfTeX -g   -c writettf.c -o writettf.o
gcc -DHAVE_CONFIG_H  -I. -I../../../../src/texk/web2c/pdftexdir -I.. -I../../../../src/texk/web2c/pdftexdir/../..  -I.. -I../../../../src/texk/web2c/pdftexdir/.. -I../.. -I../../../../src/texk/web2c/pdftexdir/../.. -I../../../libs/md5 -I../../../../src/texk/web2c/pdftexdir/../../../libs/md5 -I../../../libs/libpng -I../../../../src/texk/web2c/pdftexdir/../../../libs/libpng -I../../../libs/zlib -I../../../../src/texk/web2c/pdftexdir/../../../libs/zlib -DpdfTeX -g   -c writejpg.c -o writejpg.o
gcc -DHAVE_CONFIG_H  -I. -I../../../../src/texk/web2c/pdftexdir -I.. -I../../../../src/texk/web2c/pdftexdir/../..  -I.. -I../../../../src/texk/web2c/pdftexdir/.. -I../.. -I../../../../src/texk/web2c/pdftexdir/../.. -I../../../libs/md5 -I../../../../src/texk/web2c/pdftexdir/../../../libs/md5 -I../../../libs/libpng -I../../../../src/texk/web2c/pdftexdir/../../../libs/libpng -I../../../libs/zlib -I../../../../src/texk/web2c/pdftexdir/../../../libs/zlib -DpdfTeX -g   -c writepng.c -o writepng.o
gcc -DHAVE_CONFIG_H  -I. -I../../../../src/texk/web2c/pdftexdir -I.. -I../../../../src/texk/web2c/pdftexdir/../..  -I.. -I../../../../src/texk/web2c/pdftexdir/.. -I../.. -I../../../../src/texk/web2c/pdftexdir/../.. -I../../../libs/md5 -I../../../../src/texk/web2c/pdftexdir/../../../libs/md5 -I../../../libs/libpng -I../../../../src/texk/web2c/pdftexdir/../../../libs/libpng -I../../../libs/zlib -I../../../../src/texk/web2c/pdftexdir/../../../libs/zlib -DpdfTeX -g   -c writeimg.c -o writeimg.o
c++ -g  -DHAVE_CONFIG_H  -I. -I../../../../src/texk/web2c/pdftexdir -I../.. -I../../../../src/texk/web2c/pdftexdir/../.. -I../../../libs/xpdf -I../../../libs/xpdf/xpdf -I../../../libs/xpdf/goo -I../../../../src/texk/web2c/pdftexdir/../../../libs/xpdf -I../../../../src/texk/web2c/pdftexdir/../../../libs/xpdf/xpdf -I../../../../src/texk/web2c/pdftexdir/../../../libs/xpdf/goo -c pdftoepdf.cc
gcc -DHAVE_CONFIG_H  -I. -I../../../../src/texk/web2c/pdftexdir -I.. -I../../../../src/texk/web2c/pdftexdir/../..  -I.. -I../../../../src/texk/web2c/pdftexdir/.. -I../.. -I../../../../src/texk/web2c/pdftexdir/../.. -I../../../libs/md5 -I../../../../src/texk/web2c/pdftexdir/../../../libs/md5 -I../../../libs/libpng -I../../../../src/texk/web2c/pdftexdir/../../../libs/libpng -I../../../libs/zlib -I../../../../src/texk/web2c/pdftexdir/../../../libs/zlib -DpdfTeX -g   -c avl.c -o avl.o
gcc -DHAVE_CONFIG_H  -I. -I../../../../src/texk/web2c/pdftexdir -I.. -I../../../../src/texk/web2c/pdftexdir/../..  -I.. -I../../../../src/texk/web2c/pdftexdir/.. -I../.. -I../../../../src/texk/web2c/pdftexdir/../.. -I../../../libs/md5 -I../../../../src/texk/web2c/pdftexdir/../../../libs/md5 -I../../../libs/libpng -I../../../../src/texk/web2c/pdftexdir/../../../libs/libpng -I../../../libs/zlib -I../../../../src/texk/web2c/pdftexdir/../../../libs/zlib -DpdfTeX -g   -c avlstuff.c -o avlstuff.o
rm -f libpdf.a
ar rc libpdf.a  epdf.o mapfile.o papersiz.o utils.o config.o vfpacket.o pkin.o writefont.o writet1.o writet3.o writezip.o writeenc.o writettf.o writejpg.o writepng.o writeimg.o pdftoepdf.o avl.o avlstuff.o
ranlib libpdf.a
make[1]: Leaving directory `/home/ms/tex/pdftex/current/src/texk/web2c/pdftexdir'
cd ../../libs/libpng && make  CC='gcc' CFLAGS='-g  ' LDFLAGS=''  libpng.a
make[1]: Entering directory `/home/ms/tex/pdftex/current/src/libs/libpng'
gcc -DHAVE_ALLOCA_H=1 -DHAVE_ALLOCA=1  -I../zlib -I../../../src/libs/libpng/../zlib -I. -I../../../src/libs/libpng -I.. -I../../../src/libs/..   -g   -c png.c -o png.o
gcc -DHAVE_ALLOCA_H=1 -DHAVE_ALLOCA=1  -I../zlib -I../../../src/libs/libpng/../zlib -I. -I../../../src/libs/libpng -I.. -I../../../src/libs/..   -g   -c pngset.c -o pngset.o
gcc -DHAVE_ALLOCA_H=1 -DHAVE_ALLOCA=1  -I../zlib -I../../../src/libs/libpng/../zlib -I. -I../../../src/libs/libpng -I.. -I../../../src/libs/..   -g   -c pngget.c -o pngget.o
gcc -DHAVE_ALLOCA_H=1 -DHAVE_ALLOCA=1  -I../zlib -I../../../src/libs/libpng/../zlib -I. -I../../../src/libs/libpng -I.. -I../../../src/libs/..   -g   -c pngrutil.c -o pngrutil.o
gcc -DHAVE_ALLOCA_H=1 -DHAVE_ALLOCA=1  -I../zlib -I../../../src/libs/libpng/../zlib -I. -I../../../src/libs/libpng -I.. -I../../../src/libs/..   -g   -c pngtrans.c -o pngtrans.o
gcc -DHAVE_ALLOCA_H=1 -DHAVE_ALLOCA=1  -I../zlib -I../../../src/libs/libpng/../zlib -I. -I../../../src/libs/libpng -I.. -I../../../src/libs/..   -g   -c pngwutil.c -o pngwutil.o
gcc -DHAVE_ALLOCA_H=1 -DHAVE_ALLOCA=1  -I../zlib -I../../../src/libs/libpng/../zlib -I. -I../../../src/libs/libpng -I.. -I../../../src/libs/..   -g   -c pngread.c -o pngread.o
gcc -DHAVE_ALLOCA_H=1 -DHAVE_ALLOCA=1  -I../zlib -I../../../src/libs/libpng/../zlib -I. -I../../../src/libs/libpng -I.. -I../../../src/libs/..   -g   -c pngrio.c -o pngrio.o
gcc -DHAVE_ALLOCA_H=1 -DHAVE_ALLOCA=1  -I../zlib -I../../../src/libs/libpng/../zlib -I. -I../../../src/libs/libpng -I.. -I../../../src/libs/..   -g   -c pngwio.c -o pngwio.o
gcc -DHAVE_ALLOCA_H=1 -DHAVE_ALLOCA=1  -I../zlib -I../../../src/libs/libpng/../zlib -I. -I../../../src/libs/libpng -I.. -I../../../src/libs/..   -g   -c pngwrite.c -o pngwrite.o
gcc -DHAVE_ALLOCA_H=1 -DHAVE_ALLOCA=1  -I../zlib -I../../../src/libs/libpng/../zlib -I. -I../../../src/libs/libpng -I.. -I../../../src/libs/..   -g   -c pngrtran.c -o pngrtran.o
gcc -DHAVE_ALLOCA_H=1 -DHAVE_ALLOCA=1  -I../zlib -I../../../src/libs/libpng/../zlib -I. -I../../../src/libs/libpng -I.. -I../../../src/libs/..   -g   -c pngwtran.c -o pngwtran.o
gcc -DHAVE_ALLOCA_H=1 -DHAVE_ALLOCA=1  -I../zlib -I../../../src/libs/libpng/../zlib -I. -I../../../src/libs/libpng -I.. -I../../../src/libs/..   -g   -c pngmem.c -o pngmem.o
gcc -DHAVE_ALLOCA_H=1 -DHAVE_ALLOCA=1  -I../zlib -I../../../src/libs/libpng/../zlib -I. -I../../../src/libs/libpng -I.. -I../../../src/libs/..   -g   -c pngerror.c -o pngerror.o
gcc -DHAVE_ALLOCA_H=1 -DHAVE_ALLOCA=1  -I../zlib -I../../../src/libs/libpng/../zlib -I. -I../../../src/libs/libpng -I.. -I../../../src/libs/..   -g   -c pngpread.c -o pngpread.o
rm -f libpng.a
ar rc libpng.a png.o pngset.o pngget.o pngrutil.o pngtrans.o pngwutil.o pngread.o pngrio.o pngwio.o pngwrite.o pngrtran.o pngwtran.o pngmem.o pngerror.o pngpread.o
ranlib libpng.a
make[1]: Leaving directory `/home/ms/tex/pdftex/current/src/libs/libpng'
cd ../../libs/zlib && make  CC='gcc' CFLAGS='-g  ' LDFLAGS=''  libz.a
make[1]: Entering directory `/home/ms/tex/pdftex/current/src/libs/zlib'
gcc -DHAVE_ALLOCA_H=1 -DHAVE_ALLOCA=1   -I. -I../../../src/libs/zlib -I.. -I../../../src/libs/..   -g   -c adler32.c -o adler32.o
gcc -DHAVE_ALLOCA_H=1 -DHAVE_ALLOCA=1   -I. -I../../../src/libs/zlib -I.. -I../../../src/libs/..   -g   -c compress.c -o compress.o
gcc -DHAVE_ALLOCA_H=1 -DHAVE_ALLOCA=1   -I. -I../../../src/libs/zlib -I.. -I../../../src/libs/..   -g   -c crc32.c -o crc32.o
gcc -DHAVE_ALLOCA_H=1 -DHAVE_ALLOCA=1   -I. -I../../../src/libs/zlib -I.. -I../../../src/libs/..   -g   -c gzio.c -o gzio.o
gcc -DHAVE_ALLOCA_H=1 -DHAVE_ALLOCA=1   -I. -I../../../src/libs/zlib -I.. -I../../../src/libs/..   -g   -c uncompr.c -o uncompr.o
gcc -DHAVE_ALLOCA_H=1 -DHAVE_ALLOCA=1   -I. -I../../../src/libs/zlib -I.. -I../../../src/libs/..   -g   -c deflate.c -o deflate.o
gcc -DHAVE_ALLOCA_H=1 -DHAVE_ALLOCA=1   -I. -I../../../src/libs/zlib -I.. -I../../../src/libs/..   -g   -c trees.c -o trees.o
gcc -DHAVE_ALLOCA_H=1 -DHAVE_ALLOCA=1   -I. -I../../../src/libs/zlib -I.. -I../../../src/libs/..   -g   -c zutil.c -o zutil.o
gcc -DHAVE_ALLOCA_H=1 -DHAVE_ALLOCA=1   -I. -I../../../src/libs/zlib -I.. -I../../../src/libs/..   -g   -c inflate.c -o inflate.o
gcc -DHAVE_ALLOCA_H=1 -DHAVE_ALLOCA=1   -I. -I../../../src/libs/zlib -I.. -I../../../src/libs/..   -g   -c infblock.c -o infblock.o
gcc -DHAVE_ALLOCA_H=1 -DHAVE_ALLOCA=1   -I. -I../../../src/libs/zlib -I.. -I../../../src/libs/..   -g   -c inftrees.c -o inftrees.o
gcc -DHAVE_ALLOCA_H=1 -DHAVE_ALLOCA=1   -I. -I../../../src/libs/zlib -I.. -I../../../src/libs/..   -g   -c infcodes.c -o infcodes.o
gcc -DHAVE_ALLOCA_H=1 -DHAVE_ALLOCA=1   -I. -I../../../src/libs/zlib -I.. -I../../../src/libs/..   -g   -c infutil.c -o infutil.o
gcc -DHAVE_ALLOCA_H=1 -DHAVE_ALLOCA=1   -I. -I../../../src/libs/zlib -I.. -I../../../src/libs/..   -g   -c inffast.c -o inffast.o
rm -f libz.a
ar rc libz.a adler32.o compress.o crc32.o gzio.o uncompr.o deflate.o trees.o zutil.o inflate.o infblock.o inftrees.o infcodes.o infutil.o inffast.o 
ranlib libz.a
make[1]: Leaving directory `/home/ms/tex/pdftex/current/src/libs/zlib'
cd ../../libs/xpdf/xpdf; make  CC='gcc' CFLAGS='-g  ' LDFLAGS=''  libxpdf.a
make[1]: Entering directory `/home/ms/tex/pdftex/current/src/libs/xpdf/xpdf'
c++ -g  -DHAVE_CONFIG_H  -I.. -I../../../../src/libs/xpdf/xpdf/.. -I../../../../src/libs/xpdf/xpdf/../goo -I. -I../../../../src/libs/xpdf/xpdf -DPDF_PARSER_ONLY -DNO_DECRYPTION -c Array.cc
c++ -g  -DHAVE_CONFIG_H  -I.. -I../../../../src/libs/xpdf/xpdf/.. -I../../../../src/libs/xpdf/xpdf/../goo -I. -I../../../../src/libs/xpdf/xpdf -DPDF_PARSER_ONLY -DNO_DECRYPTION -c BuiltinFont.cc
c++ -g  -DHAVE_CONFIG_H  -I.. -I../../../../src/libs/xpdf/xpdf/.. -I../../../../src/libs/xpdf/xpdf/../goo -I. -I../../../../src/libs/xpdf/xpdf -DPDF_PARSER_ONLY -DNO_DECRYPTION -c BuiltinFontTables.cc
c++ -g  -DHAVE_CONFIG_H  -I.. -I../../../../src/libs/xpdf/xpdf/.. -I../../../../src/libs/xpdf/xpdf/../goo -I. -I../../../../src/libs/xpdf/xpdf -DPDF_PARSER_ONLY -DNO_DECRYPTION -c CMap.cc
c++ -g  -DHAVE_CONFIG_H  -I.. -I../../../../src/libs/xpdf/xpdf/.. -I../../../../src/libs/xpdf/xpdf/../goo -I. -I../../../../src/libs/xpdf/xpdf -DPDF_PARSER_ONLY -DNO_DECRYPTION -c Catalog.cc
c++ -g  -DHAVE_CONFIG_H  -I.. -I../../../../src/libs/xpdf/xpdf/.. -I../../../../src/libs/xpdf/xpdf/../goo -I. -I../../../../src/libs/xpdf/xpdf -DPDF_PARSER_ONLY -DNO_DECRYPTION -c CharCodeToUnicode.cc
c++ -g  -DHAVE_CONFIG_H  -I.. -I../../../../src/libs/xpdf/xpdf/.. -I../../../../src/libs/xpdf/xpdf/../goo -I. -I../../../../src/libs/xpdf/xpdf -DPDF_PARSER_ONLY -DNO_DECRYPTION -c Decrypt.cc
c++ -g  -DHAVE_CONFIG_H  -I.. -I../../../../src/libs/xpdf/xpdf/.. -I../../../../src/libs/xpdf/xpdf/../goo -I. -I../../../../src/libs/xpdf/xpdf -DPDF_PARSER_ONLY -DNO_DECRYPTION -c Dict.cc
c++ -g  -DHAVE_CONFIG_H  -I.. -I../../../../src/libs/xpdf/xpdf/.. -I../../../../src/libs/xpdf/xpdf/../goo -I. -I../../../../src/libs/xpdf/xpdf -DPDF_PARSER_ONLY -DNO_DECRYPTION -c Error.cc
c++ -g  -DHAVE_CONFIG_H  -I.. -I../../../../src/libs/xpdf/xpdf/.. -I../../../../src/libs/xpdf/xpdf/../goo -I. -I../../../../src/libs/xpdf/xpdf -DPDF_PARSER_ONLY -DNO_DECRYPTION -c FontEncodingTables.cc
c++ -g  -DHAVE_CONFIG_H  -I.. -I../../../../src/libs/xpdf/xpdf/.. -I../../../../src/libs/xpdf/xpdf/../goo -I. -I../../../../src/libs/xpdf/xpdf -DPDF_PARSER_ONLY -DNO_DECRYPTION -c FontFile.cc
c++ -g  -DHAVE_CONFIG_H  -I.. -I../../../../src/libs/xpdf/xpdf/.. -I../../../../src/libs/xpdf/xpdf/../goo -I. -I../../../../src/libs/xpdf/xpdf -DPDF_PARSER_ONLY -DNO_DECRYPTION -c Gfx.cc
c++ -g  -DHAVE_CONFIG_H  -I.. -I../../../../src/libs/xpdf/xpdf/.. -I../../../../src/libs/xpdf/xpdf/../goo -I. -I../../../../src/libs/xpdf/xpdf -DPDF_PARSER_ONLY -DNO_DECRYPTION -c GfxFont.cc
c++ -g  -DHAVE_CONFIG_H  -I.. -I../../../../src/libs/xpdf/xpdf/.. -I../../../../src/libs/xpdf/xpdf/../goo -I. -I../../../../src/libs/xpdf/xpdf -DPDF_PARSER_ONLY -DNO_DECRYPTION -c GfxState.cc
c++ -g  -DHAVE_CONFIG_H  -I.. -I../../../../src/libs/xpdf/xpdf/.. -I../../../../src/libs/xpdf/xpdf/../goo -I. -I../../../../src/libs/xpdf/xpdf -DPDF_PARSER_ONLY -DNO_DECRYPTION -c GlobalParams.cc
c++ -g  -DHAVE_CONFIG_H  -I.. -I../../../../src/libs/xpdf/xpdf/.. -I../../../../src/libs/xpdf/xpdf/../goo -I. -I../../../../src/libs/xpdf/xpdf -DPDF_PARSER_ONLY -DNO_DECRYPTION -c JBIG2Stream.cc
c++ -g  -DHAVE_CONFIG_H  -I.. -I../../../../src/libs/xpdf/xpdf/.. -I../../../../src/libs/xpdf/xpdf/../goo -I. -I../../../../src/libs/xpdf/xpdf -DPDF_PARSER_ONLY -DNO_DECRYPTION -c Lexer.cc
c++ -g  -DHAVE_CONFIG_H  -I.. -I../../../../src/libs/xpdf/xpdf/.. -I../../../../src/libs/xpdf/xpdf/../goo -I. -I../../../../src/libs/xpdf/xpdf -DPDF_PARSER_ONLY -DNO_DECRYPTION -c Link.cc
c++ -g  -DHAVE_CONFIG_H  -I.. -I../../../../src/libs/xpdf/xpdf/.. -I../../../../src/libs/xpdf/xpdf/../goo -I. -I../../../../src/libs/xpdf/xpdf -DPDF_PARSER_ONLY -DNO_DECRYPTION -c NameToCharCode.cc
c++ -g  -DHAVE_CONFIG_H  -I.. -I../../../../src/libs/xpdf/xpdf/.. -I../../../../src/libs/xpdf/xpdf/../goo -I. -I../../../../src/libs/xpdf/xpdf -DPDF_PARSER_ONLY -DNO_DECRYPTION -c Object.cc
c++ -g  -DHAVE_CONFIG_H  -I.. -I../../../../src/libs/xpdf/xpdf/.. -I../../../../src/libs/xpdf/xpdf/../goo -I. -I../../../../src/libs/xpdf/xpdf -DPDF_PARSER_ONLY -DNO_DECRYPTION -c OutputDev.cc
c++ -g  -DHAVE_CONFIG_H  -I.. -I../../../../src/libs/xpdf/xpdf/.. -I../../../../src/libs/xpdf/xpdf/../goo -I. -I../../../../src/libs/xpdf/xpdf -DPDF_PARSER_ONLY -DNO_DECRYPTION -c Outline.cc
c++ -g  -DHAVE_CONFIG_H  -I.. -I../../../../src/libs/xpdf/xpdf/.. -I../../../../src/libs/xpdf/xpdf/../goo -I. -I../../../../src/libs/xpdf/xpdf -DPDF_PARSER_ONLY -DNO_DECRYPTION -c PDFDoc.cc
c++ -g  -DHAVE_CONFIG_H  -I.. -I../../../../src/libs/xpdf/xpdf/.. -I../../../../src/libs/xpdf/xpdf/../goo -I. -I../../../../src/libs/xpdf/xpdf -DPDF_PARSER_ONLY -DNO_DECRYPTION -c Page.cc
c++ -g  -DHAVE_CONFIG_H  -I.. -I../../../../src/libs/xpdf/xpdf/.. -I../../../../src/libs/xpdf/xpdf/../goo -I. -I../../../../src/libs/xpdf/xpdf -DPDF_PARSER_ONLY -DNO_DECRYPTION -c Parser.cc
c++ -g  -DHAVE_CONFIG_H  -I.. -I../../../../src/libs/xpdf/xpdf/.. -I../../../../src/libs/xpdf/xpdf/../goo -I. -I../../../../src/libs/xpdf/xpdf -DPDF_PARSER_ONLY -DNO_DECRYPTION -c PDFDocEncoding.cc
c++ -g  -DHAVE_CONFIG_H  -I.. -I../../../../src/libs/xpdf/xpdf/.. -I../../../../src/libs/xpdf/xpdf/../goo -I. -I../../../../src/libs/xpdf/xpdf -DPDF_PARSER_ONLY -DNO_DECRYPTION -c Stream.cc
c++ -g  -DHAVE_CONFIG_H  -I.. -I../../../../src/libs/xpdf/xpdf/.. -I../../../../src/libs/xpdf/xpdf/../goo -I. -I../../../../src/libs/xpdf/xpdf -DPDF_PARSER_ONLY -DNO_DECRYPTION -c UnicodeMap.cc
c++ -g  -DHAVE_CONFIG_H  -I.. -I../../../../src/libs/xpdf/xpdf/.. -I../../../../src/libs/xpdf/xpdf/../goo -I. -I../../../../src/libs/xpdf/xpdf -DPDF_PARSER_ONLY -DNO_DECRYPTION -c XRef.cc
c++ -g  -DHAVE_CONFIG_H  -I.. -I../../../../src/libs/xpdf/xpdf/.. -I../../../../src/libs/xpdf/xpdf/../goo -I. -I../../../../src/libs/xpdf/xpdf -DPDF_PARSER_ONLY -DNO_DECRYPTION -c Function.cc
c++ -g  -DHAVE_CONFIG_H  -I.. -I../../../../src/libs/xpdf/xpdf/.. -I../../../../src/libs/xpdf/xpdf/../goo -I. -I../../../../src/libs/xpdf/xpdf -DPDF_PARSER_ONLY -DNO_DECRYPTION -c PSTokenizer.cc
rm -f libxpdf.a
ar rc libxpdf.a  Array.o BuiltinFont.o BuiltinFontTables.o CMap.o Catalog.o CharCodeToUnicode.o Decrypt.o Dict.o Error.o FontEncodingTables.o FontFile.o Gfx.o GfxFont.o GfxState.o GlobalParams.o JBIG2Stream.o Lexer.o Link.o NameToCharCode.o Object.o OutputDev.o Outline.o PDFDoc.o Page.o Parser.o PDFDocEncoding.o Stream.o UnicodeMap.o XRef.o Function.o PSTokenizer.o
ranlib libxpdf.a
make[1]: Leaving directory `/home/ms/tex/pdftex/current/src/libs/xpdf/xpdf'
cd ../../libs/xpdf/goo; make  CC='gcc' CFLAGS='-g  ' LDFLAGS=''  libGoo.a
make[1]: Entering directory `/home/ms/tex/pdftex/current/src/libs/xpdf/goo'
c++ -g  -DHAVE_CONFIG_H -I.. -I../../../../src/libs/xpdf/goo -I../../../../src/libs/xpdf/goo/.. -I. -I../../../../src/libs/xpdf/goo/../../../texk -I../../../texk -c GHash.cc
c++ -g  -DHAVE_CONFIG_H -I.. -I../../../../src/libs/xpdf/goo -I../../../../src/libs/xpdf/goo/.. -I. -I../../../../src/libs/xpdf/goo/../../../texk -I../../../texk -c GList.cc
c++ -g  -DHAVE_CONFIG_H -I.. -I../../../../src/libs/xpdf/goo -I../../../../src/libs/xpdf/goo/.. -I. -I../../../../src/libs/xpdf/goo/../../../texk -I../../../texk -c GString.cc
c++ -g  -DHAVE_CONFIG_H -I.. -I../../../../src/libs/xpdf/goo -I../../../../src/libs/xpdf/goo/.. -I. -I../../../../src/libs/xpdf/goo/../../../texk -I../../../texk -c gmempp.cc
c++ -g  -DHAVE_CONFIG_H -I.. -I../../../../src/libs/xpdf/goo -I../../../../src/libs/xpdf/goo/.. -I. -I../../../../src/libs/xpdf/goo/../../../texk -I../../../texk -c gfile.cc
gcc -g   -DHAVE_CONFIG_H -I.. -I../../../../src/libs/xpdf/goo -I../../../../src/libs/xpdf/goo/.. -I. -I../../../../src/libs/xpdf/goo/../../../texk -I../../../texk -c gmem.c
gcc -g   -DHAVE_CONFIG_H -I.. -I../../../../src/libs/xpdf/goo -I../../../../src/libs/xpdf/goo/.. -I. -I../../../../src/libs/xpdf/goo/../../../texk -I../../../texk -c parseargs.c
rm -f libGoo.a
ar rc libGoo.a GHash.o GList.o GString.o gmempp.o gfile.o gmem.o parseargs.o
ranlib libGoo.a
make[1]: Leaving directory `/home/ms/tex/pdftex/current/src/libs/xpdf/goo'
/bin/sh ../../../src/texk/web2c/../mkinstalldirs ../../libs/md5
gcc -DHAVE_CONFIG_H  -I. -I../../../src/texk/web2c -I.. -I../../../src/texk/web2c/..   -g   -c ../../libs/md5/md5.c -o ../../libs/md5/md5.o
c++ -o pdftex  pdftexini.o pdftex0.o pdftex1.o pdftex2.o pdftex3.o pdftexextra.o  pdftexdir/libpdf.a ../../libs/libpng/libpng.a ../../libs/zlib/libz.a ../../libs/xpdf/xpdf/libxpdf.a ../../libs/xpdf/goo/libGoo.a ../../libs/md5/md5.o  lib/lib.a ../kpathsea/.libs/libkpathsea.a -lm   -nodefaultlibs -Wl,-Bstatic -lstdc++ -Wl,-Bdynamic -lm -lgcc -lc -lgcc
./tie -m pdfetex.web ../../../src/texk/web2c/tex.web \
	../../../src/texk/web2c/etexdir/etex.ch0 \
	../../../src/texk/web2c/etexdir/etex.ch \
	../../../src/texk/web2c/etexdir/etex.fix \
	../../../src/texk/web2c/etexdir/etex.ch1 \
	../../../src/texk/web2c/pdfetexdir/pdfetex.ch1 \
	../../../src/texk/web2c/pdftexdir/pdftex.ch \
	../../../src/texk/web2c/pdftexdir/hz.ch \
	../../../src/texk/web2c/pdftexdir/misc.ch \
	../../../src/texk/web2c/pdfetexdir/pdfetex.ch2
This is TIE, CWEB Version 2.4. (Web2C 7.5.2)
Copyright (c) 1989,1992 by THD/ITI. All rights reserved.
(../../../src/texk/web2c/tex.web)
(../../../src/texk/web2c/etexdir/etex.ch0)
(../../../src/texk/web2c/etexdir/etex.ch)
(../../../src/texk/web2c/etexdir/etex.fix)
(../../../src/texk/web2c/etexdir/etex.ch1)
(../../../src/texk/web2c/pdfetexdir/pdfetex.ch1)
(../../../src/texk/web2c/pdftexdir/pdftex.ch)
(../../../src/texk/web2c/pdftexdir/hz.ch)
(../../../src/texk/web2c/pdftexdir/misc.ch)
(../../../src/texk/web2c/pdfetexdir/pdfetex.ch2)
....500....1000....1500....2000....2500....3000....3500....4000....4500....5000....5500....6000....6500....7000....7500....8000....8500....9000....9500....10000....10500....11000....11500....12000....12500....13000....13500....14000....14500....15000....15500....16000....16500....17000....17500....18000....18500....19000....19500....20000....20500....21000....21500....22000....22500....23000....23500....24000....24500....
(No errors were found.)
./tie -c pdfetex.ch pdfetex.web \
	../../../src/texk/web2c/pdfetexdir/tex.ch0 \
	../../../src/texk/web2c/tex.ch \
	../../../src/texk/web2c/etexdir/tex.ch1 \
	../../../src/texk/web2c/etexdir/tex.ech \
	../../../src/texk/web2c/etexdir/tex.ch2 \
	../../../src/texk/web2c/pdfetexdir/tex.ch1 \
	../../../src/texk/web2c/pdftexdir/tex.pch \
	../../../src/texk/web2c/pdfetexdir/tex.ch2
This is TIE, CWEB Version 2.4. (Web2C 7.5.2)
Copyright (c) 1989,1992 by THD/ITI. All rights reserved.
(pdfetex.web)
(../../../src/texk/web2c/pdfetexdir/tex.ch0)
(../../../src/texk/web2c/tex.ch)
(../../../src/texk/web2c/etexdir/tex.ch1)
(../../../src/texk/web2c/etexdir/tex.ech)
(../../../src/texk/web2c/etexdir/tex.ch2)
(../../../src/texk/web2c/pdfetexdir/tex.ch1)
(../../../src/texk/web2c/pdftexdir/tex.pch)
(../../../src/texk/web2c/pdfetexdir/tex.ch2)
....500....1000....1500....2000....2500....3000....3500....4000....4500....5000....5500....6000....6500....7000....7500....8000....8500....9000....9500....10000....10500....11000....11500....12000....12500....13000....13500....14000....14500....15000....15500....16000....16500....17000....17500....18000....18500....19000....19500....20000....20500....21000....21500....22000....22500....23000....23500....24000....24500....25000....25500....26000....26500....27000....27500....28000....28500....29000....29500....30000....30500....31000....31500....32000....32500....33000....33500....34000....34500....35000....35500..
(No errors were found.)
./tangle pdfetex.web pdfetex.ch
This is TANGLE, Version 4.5 (Web2C 7.5.2)
*1*17*25*38*54*72*99*110*115*133*162*173*199*203*207*211*220*256*268*289*297*300*321*332*366*402*464*487*511*539*583*592*644*652*664*666*674*697*783*821*840*860*909*954*1003*1032*1041*1060*1083*1108*1121*1170*1196*1277*1349*1440*1471*1479*1481*1579*1800*1805*1807*1817*1820
Writing the output file.....500.....1000.....1500.....2000.....2500.....3000.....3500.....4000.....4500.....5000.....5500.....6000.....6500.....7000.....7500.....8000.....8500.....9000.....9500.....10000.....10500.....11000.
Done.
1564 strings written to string pool file.
(No errors were found.)
srcdir=../../../src/texk/web2c /bin/sh ../../../src/texk/web2c/web2c/convert pdfetex
gcc -DHAVE_CONFIG_H  -I. -I../../../src/texk/web2c -I.. -I../../../src/texk/web2c/..   -g   -c pdfetexini.c -o pdfetexini.o
gcc -DHAVE_CONFIG_H  -I. -I../../../src/texk/web2c -I.. -I../../../src/texk/web2c/..   -g   -c pdfetex0.c -o pdfetex0.o
gcc -DHAVE_CONFIG_H  -I. -I../../../src/texk/web2c -I.. -I../../../src/texk/web2c/..   -g   -c pdfetex1.c -o pdfetex1.o
gcc -DHAVE_CONFIG_H  -I. -I../../../src/texk/web2c -I.. -I../../../src/texk/web2c/..   -g   -c pdfetex2.c -o pdfetex2.o
gcc -DHAVE_CONFIG_H  -I. -I../../../src/texk/web2c -I.. -I../../../src/texk/web2c/..   -g   -c pdfetex3.c -o pdfetex3.o
sed s/TEX-OR-MF-OR-MP/pdfetex/ ../../../src/texk/web2c/lib/texmfmp.c >pdfetexextra.c
gcc -DHAVE_CONFIG_H  -I. -I../../../src/texk/web2c -I.. -I../../../src/texk/web2c/..   -g   -c pdfetexextra.c -o pdfetexextra.o
c++ -o pdfetex  pdfetexini.o pdfetex0.o pdfetex1.o pdfetex2.o pdfetex3.o pdfetexextra.o  pdftexdir/libpdf.a ../../libs/libpng/libpng.a ../../libs/zlib/libz.a ../../libs/xpdf/xpdf/libxpdf.a ../../libs/xpdf/goo/libGoo.a ../../libs/md5/md5.o  lib/lib.a ../kpathsea/.libs/libkpathsea.a -lm   -nodefaultlibs -Wl,-Bstatic -lstdc++ -Wl,-Bdynamic -lm -lgcc -lc -lgcc
